--------------------
./configure --prefix=/data/data/io.neoterm/files/home/aria2//usr/local --static
Sat Nov 14 11:16:49 CST 2020
=== ztest15318.c ===
extern int getchar();
int hello() {return getchar();}
===
/data/data/io.neoterm/files/home/aria2//toolchain/bin/clang -c ztest15318.c
CANNOT LINK EXECUTABLE "bash": library "libandroid-support.so" not found
... using /data/data/io.neoterm/files/home/aria2//toolchain/bin/clang

Checking for obsessive-compulsive compiler options...
=== ztest15318.c ===
int foo() { return 0; }
===
/data/data/io.neoterm/files/home/aria2//toolchain/bin/clang -c -O ztest15318.c
CANNOT LINK EXECUTABLE "bash": library "libandroid-support.so" not found
(exit code 1)
Compiler error reporting is too harsh for ./configure (perhaps remove -Werror).
** ./configure aborting.
--------------------


--------------------
./configure --prefix=/data/data/io.neoterm/files/home/aria2//usr/local --static
Sat Nov 14 11:18:15 CST 2020
=== ztest15932.c ===
extern int getchar();
int hello() {return getchar();}
===
/data/data/io.neoterm/files/home/aria2//toolchain/bin/clang -c ztest15932.c
... using gcc

Checking for obsessive-compulsive compiler options...
=== ztest15932.c ===
int foo() { return 0; }
===
/data/data/io.neoterm/files/home/aria2//toolchain/bin/clang -c -O3 ztest15932.c

Building static library libz.a version 1.2.11 with /data/data/io.neoterm/files/home/aria2//toolchain/bin/clang.

=== ztest15932.c ===
#include <stdio.h>
#include <stdlib.h>
size_t dummy = 0;
===
/data/data/io.neoterm/files/home/aria2//toolchain/bin/clang -c -O3 ztest15932.c
Checking for size_t... Yes.


=== ztest15932.c ===
#include <sys/types.h>
off64_t dummy = 0;
===
/data/data/io.neoterm/files/home/aria2//toolchain/bin/clang -c -O3 -D_LARGEFILE64_SOURCE=1 ztest15932.c
Checking for off64_t... Yes.
Checking for fseeko... Yes.

=== ztest15932.c ===
#include <string.h>
#include <errno.h>
int main() { return strlen(strerror(errno)); }
===
/data/data/io.neoterm/files/home/aria2//toolchain/bin/clang -O3 -D_LARGEFILE64_SOURCE=1 -o ztest15932 ztest15932.c
Checking for strerror... Yes.

=== ztest15932.c ===
#include <unistd.h>
int main() { return 0; }
===
/data/data/io.neoterm/files/home/aria2//toolchain/bin/clang -c -O3 -D_LARGEFILE64_SOURCE=1 ztest15932.c
Checking for unistd.h... Yes.

=== ztest15932.c ===
#include <stdarg.h>
int main() { return 0; }
===
/data/data/io.neoterm/files/home/aria2//toolchain/bin/clang -c -O3 -D_LARGEFILE64_SOURCE=1 ztest15932.c
Checking for stdarg.h... Yes.

=== ztest15932.c ===
#include <stdio.h>
#include <stdarg.h>
#include "zconf.h"
int main()
{
#ifndef STDC
  choke me
#endif
  return 0;
}
===
/data/data/io.neoterm/files/home/aria2//toolchain/bin/clang -c -O3 -D_LARGEFILE64_SOURCE=1 ztest15932.c
Checking whether to use vs[n]printf() or s[n]printf()... using vs[n]printf().

=== ztest15932.c ===
#include <stdio.h>
#include <stdarg.h>
int mytest(const char *fmt, ...)
{
  char buf[20];
  va_list ap;
  va_start(ap, fmt);
  vsnprintf(buf, sizeof(buf), fmt, ap);
  va_end(ap);
  return 0;
}
int main()
{
  return (mytest("Hello%d\n", 1));
}
===
/data/data/io.neoterm/files/home/aria2//toolchain/bin/clang -O3 -D_LARGEFILE64_SOURCE=1 -o ztest15932 ztest15932.c
Checking for vsnprintf() in stdio.h... Yes.

=== ztest15932.c ===
#include <stdio.h>
#include <stdarg.h>
int mytest(const char *fmt, ...)
{
  int n;
  char buf[20];
  va_list ap;
  va_start(ap, fmt);
  n = vsnprintf(buf, sizeof(buf), fmt, ap);
  va_end(ap);
  return n;
}
int main()
{
  return (mytest("Hello%d\n", 1));
}
===
/data/data/io.neoterm/files/home/aria2//toolchain/bin/clang -c -O3 -D_LARGEFILE64_SOURCE=1 ztest15932.c
Checking for return value of vsnprintf()... Yes.

=== ztest15932.c ===
#define ZLIB_INTERNAL __attribute__((visibility ("hidden")))
int ZLIB_INTERNAL foo;
int main()
{
  return 0;
}
===
/data/data/io.neoterm/files/home/aria2//toolchain/bin/clang -c -O3 -D_LARGEFILE64_SOURCE=1 ztest15932.c
Checking for attribute(visibility) support... Yes.

ALL = static all64
AR = /data/data/io.neoterm/files/home/aria2//toolchain/bin/ar
ARFLAGS = rc
CC = /data/data/io.neoterm/files/home/aria2//toolchain/bin/clang
CFLAGS = -O3 -D_LARGEFILE64_SOURCE=1 -DHAVE_HIDDEN
CPP = /data/data/io.neoterm/files/home/aria2//toolchain/bin/clang -E
EXE =
LDCONFIG = ldconfig
LDFLAGS =
LDSHARED = /data/data/io.neoterm/files/home/aria2//toolchain/bin/clang
LDSHAREDLIBC = -lc
OBJC = $(OBJZ) $(OBJG)
PIC_OBJC = $(PIC_OBJZ) $(PIC_OBJG)
RANLIB = /data/data/io.neoterm/files/home/aria2//toolchain/bin/ranlib
SFLAGS = -O3 -fPIC -D_LARGEFILE64_SOURCE=1 -DHAVE_HIDDEN
SHAREDLIB =
SHAREDLIBM =
SHAREDLIBV =
STATICLIB = libz.a
TEST = all teststatic test64
VER = 1.2.11
Z_U4 =
SRCDIR =
exec_prefix = ${prefix}
includedir = ${prefix}/include
libdir = ${exec_prefix}/lib
mandir = ${prefix}/share/man
prefix = /data/data/io.neoterm/files/home/aria2//usr/local
sharedlibdir = ${libdir}
uname = Linux
--------------------


